Using pre-set license
Built from '2021.1/staging' branch; Version is '2021.1.22f1 (a137e5fb0427) revision 10565605'; Using compiler version '192528614'; Build Type 'Release'
OS: 'Windows 10 Pro; OS build 19042.1288; Version 2009; 64bit' Language: 'en' Physical Memory: 8004 MB
BatchMode: 1, IsHumanControllingUs: 0, StartBugReporterOnCrash: 0, Is64bit: 1, IsPro: 0

COMMAND LINE ARGUMENTS:
C:\Program Files\Unity\Hub\Editor\2021.1.22f1\Editor\Unity.exe
-adb2
-batchMode
-noUpm
-name
AssetImportWorker0
-projectPath
F:/UNITY/SpaceLanderGameFinal
-logFile
Logs/AssetImportWorker0.log
-srvPort
55931
Successfully changed project path to: F:/UNITY/SpaceLanderGameFinal
F:/UNITY/SpaceLanderGameFinal
Using Asset Import Pipeline V2.
Refreshing native plugins compatible for Editor in 29.83 ms, found 2 plugins.
Preloading 0 native plugins for Editor in 0.00 ms.
Initialize engine version: 2021.1.22f1 (a137e5fb0427)
[Subsystems] Discovering subsystems at path C:/Program Files/Unity/Hub/Editor/2021.1.22f1/Editor/Data/Resources/UnitySubsystems
[Subsystems] Discovering subsystems at path F:/UNITY/SpaceLanderGameFinal/Assets
GfxDevice: creating device client; threaded=0; jobified=0
Direct3D:
    Version:  Direct3D 11.0 [level 11.0]
    Renderer: NVIDIA GeForce GT 730 (ID=0xf02)
    Vendor:   NVIDIA
    VRAM:     2000 MB
    Driver:   23.21.13.8813
Initialize mono
Mono path[0] = 'C:/Program Files/Unity/Hub/Editor/2021.1.22f1/Editor/Data/Managed'
Mono path[1] = 'C:/Program Files/Unity/Hub/Editor/2021.1.22f1/Editor/Data/MonoBleedingEdge/lib/mono/unityjit'
Mono config path = 'C:/Program Files/Unity/Hub/Editor/2021.1.22f1/Editor/Data/MonoBleedingEdge/etc'
Using monoOptions --debugger-agent=transport=dt_socket,embedding=1,server=y,suspend=n,address=127.0.0.1:56296
Begin MonoManager ReloadAssembly
Registering precompiled unity dll's ...
Register platform support module: C:/Program Files/Unity/Hub/Editor/2021.1.22f1/Editor/Data/PlaybackEngines/WindowsStandaloneSupport/UnityEditor.WindowsStandalone.Extensions.dll
Registered in 0.002570 seconds.
Native extension for WindowsStandalone target not found
Refreshing native plugins compatible for Editor in 28.76 ms, found 2 plugins.
Preloading 0 native plugins for Editor in 0.00 ms.
Mono: successfully reloaded assembly
- Completed reload, in  1.922 seconds
Domain Reload Profiling:
	ReloadAssembly (1922ms)
		BeginReloadAssembly (77ms)
			ExecutionOrderSort (0ms)
			DisableScriptedObjects (0ms)
			BackupInstance (0ms)
			ReleaseScriptingObjects (0ms)
			CreateAndSetChildDomain (1ms)
		EndReloadAssembly (463ms)
			LoadAssemblies (74ms)
			RebuildTransferFunctionScriptingTraits (0ms)
			SetupTypeCache (199ms)
			ReleaseScriptCaches (0ms)
			RebuildScriptCaches (33ms)
			SetupLoadedEditorAssemblies (178ms)
				LogAssemblyErrors (0ms)
				InitializePlatformSupportModulesInManaged (6ms)
				SetLoadedEditorAssemblies (0ms)
				RefreshPlugins (29ms)
				BeforeProcessingInitializeOnLoad (1ms)
				ProcessInitializeOnLoadAttributes (107ms)
				ProcessInitializeOnLoadMethodAttributes (34ms)
				AfterProcessingInitializeOnLoad (0ms)
				EditorAssembliesLoaded (0ms)
			ExecutionOrderSort2 (0ms)
			AwakeInstancesAfterBackupRestoration (0ms)
Platform modules already initialized, skipping
Registering precompiled user dll's ...
Registered in 0.002376 seconds.
Begin MonoManager ReloadAssembly
Native extension for WindowsStandalone target not found
Refreshing native plugins compatible for Editor in 0.36 ms, found 2 plugins.
Preloading 0 native plugins for Editor in 0.00 ms.
Mono: successfully reloaded assembly
- Completed reload, in  1.149 seconds
Domain Reload Profiling:
	ReloadAssembly (1149ms)
		BeginReloadAssembly (194ms)
			ExecutionOrderSort (0ms)
			DisableScriptedObjects (7ms)
			BackupInstance (0ms)
			ReleaseScriptingObjects (0ms)
			CreateAndSetChildDomain (25ms)
		EndReloadAssembly (886ms)
			LoadAssemblies (111ms)
			RebuildTransferFunctionScriptingTraits (0ms)
			SetupTypeCache (325ms)
			ReleaseScriptCaches (1ms)
			RebuildScriptCaches (48ms)
			SetupLoadedEditorAssemblies (309ms)
				LogAssemblyErrors (0ms)
				InitializePlatformSupportModulesInManaged (6ms)
				SetLoadedEditorAssemblies (0ms)
				RefreshPlugins (0ms)
				BeforeProcessingInitializeOnLoad (48ms)
				ProcessInitializeOnLoadAttributes (242ms)
				ProcessInitializeOnLoadMethodAttributes (5ms)
				AfterProcessingInitializeOnLoad (8ms)
				EditorAssembliesLoaded (0ms)
			ExecutionOrderSort2 (0ms)
			AwakeInstancesAfterBackupRestoration (8ms)
Platform modules already initialized, skipping
========================================================================
Worker process is ready to serve import requests
Launched and connected shader compiler UnityShaderCompiler.exe after 0.09 seconds
Refreshing native plugins compatible for Editor in 0.36 ms, found 2 plugins.
Preloading 0 native plugins for Editor in 0.00 ms.
Unloading 1449 Unused Serialized files (Serialized files now loaded: 0)
System memory in use before: 67.7 MB.
System memory in use after: 67.8 MB.

Unloading 16 unused Assets to reduce memory usage. Loaded Objects now: 1898.
Total: 3.385300 ms (FindLiveObjects: 0.163000 ms CreateObjectMapping: 0.100100 ms MarkObjects: 3.035500 ms  DeleteObjects: 0.085600 ms)

AssetImportParameters requested are different than current active one (requested -> active):
  custom:framework-win-MediaFoundation: 216162199b28c13a410421893ffa2e32 -> 
  custom:video-decoder-ogg-theora: a1e56fd34408186e4bbccfd4996cb3dc -> 
  custom:container-muxer-webm: aa71ff27fc2769a1b78a27578f13a17b -> 
  custom:container-demuxer-webm: 4f35f7cbe854078d1ac9338744f61a02 -> 
  custom:container-demuxer-ogg: 62fdf1f143b41e24485cea50d1cbac27 -> 
  custom:video-encoder-webm-vp8: eb34c28f22e8b96e1ab97ce403110664 -> 
  custom:video-decoder-webm-vp8: 9c59270c3fd7afecdb556c50c9e8de78 -> 
  custom:audio-decoder-ogg-vorbis: bf7c407c2cedff20999df2af8eb42d56 -> 
  custom:audio-encoder-webm-vorbis: bf7c407c2cedff20999df2af8eb42d56 -> 
========================================================================
Received Import Request.
  path: Assets/Animations
  artifactKey: Guid(d8b7dbf69d48afb448268d854b4d8e1b) Importer(815301076,1909f56bfc062723c751e8b465ee728b)
Start importing Assets/Animations using Guid(d8b7dbf69d48afb448268d854b4d8e1b) Importer(815301076,1909f56bfc062723c751e8b465ee728b)  -> (artifact id: 'b4c931f928bf63251019acc3f098c68d') in 0.013492 seconds 
========================================================================
Received Import Request.
  Time since last request: 15.426075 seconds.
  path: Assets/Animations/New Animation.anim
  artifactKey: Guid(47666d0abccd38f4893665de279001c7) Importer(815301076,1909f56bfc062723c751e8b465ee728b)
Start importing Assets/Animations/New Animation.anim using Guid(47666d0abccd38f4893665de279001c7) Importer(815301076,1909f56bfc062723c751e8b465ee728b)  -> (artifact id: '22e6630bb3e434aabdb5b64646634652') in 0.053001 seconds 
========================================================================
Received Import Request.
  Time since last request: 25.928658 seconds.
  path: Assets/Animations/ThrusterMain.controller
  artifactKey: Guid(8df44dc5bb0f72346bf947f189fb9299) Importer(815301076,1909f56bfc062723c751e8b465ee728b)
Start importing Assets/Animations/ThrusterMain.controller using Guid(8df44dc5bb0f72346bf947f189fb9299) Importer(815301076,1909f56bfc062723c751e8b465ee728b)  -> (artifact id: '6997f1ac113b5a6526b2b48116697d97') in 0.017912 seconds 
========================================================================
Received Import Request.
  Time since last request: 343.432170 seconds.
  path: Assets/Animations/ThrusterAnim.anim
  artifactKey: Guid(afb29d442cc265f4f8422c5d51543a50) Importer(815301076,1909f56bfc062723c751e8b465ee728b)
Start importing Assets/Animations/ThrusterAnim.anim using Guid(afb29d442cc265f4f8422c5d51543a50) Importer(815301076,1909f56bfc062723c751e8b465ee728b)  -> (artifact id: '7d1a751cbbde701befc83b2aadc95708') in 0.010897 seconds 
========================================================================
Received Import Request.
  Time since last request: 25.012855 seconds.
  path: Assets/Animations/SF Button.controller
  artifactKey: Guid(c454080d636f840038dc8f37941751b3) Importer(815301076,1909f56bfc062723c751e8b465ee728b)
Start importing Assets/Animations/SF Button.controller using Guid(c454080d636f840038dc8f37941751b3) Importer(815301076,1909f56bfc062723c751e8b465ee728b)  -> (artifact id: 'a272614af7ad17640f2fc4d648539cf4') in 0.022184 seconds 
========================================================================
Received Import Request.
  Time since last request: 27.195063 seconds.
  path: Assets/Sprites/thruster-spritesheet.png
  artifactKey: Guid(a0008e10702edcd499b5bb9934fc069e) Importer(815301076,1909f56bfc062723c751e8b465ee728b)
Start importing Assets/Sprites/thruster-spritesheet.png using Guid(a0008e10702edcd499b5bb9934fc069e) Importer(815301076,1909f56bfc062723c751e8b465ee728b)  -> (artifact id: '719d4cbb41de34de8bd54d0b61bbc51a') in 0.180945 seconds 
========================================================================
Received Prepare
Registering precompiled user dll's ...
Registered in 0.001910 seconds.
Begin MonoManager ReloadAssembly
Native extension for WindowsStandalone target not found
Refreshing native plugins compatible for Editor in 0.36 ms, found 2 plugins.
Preloading 0 native plugins for Editor in 0.00 ms.
Mono: successfully reloaded assembly
- Completed reload, in  1.107 seconds
Domain Reload Profiling:
	ReloadAssembly (1107ms)
		BeginReloadAssembly (151ms)
			ExecutionOrderSort (0ms)
			DisableScriptedObjects (5ms)
			BackupInstance (0ms)
			ReleaseScriptingObjects (0ms)
			CreateAndSetChildDomain (42ms)
		EndReloadAssembly (885ms)
			LoadAssemblies (111ms)
			RebuildTransferFunctionScriptingTraits (0ms)
			SetupTypeCache (343ms)
			ReleaseScriptCaches (1ms)
			RebuildScriptCaches (43ms)
			SetupLoadedEditorAssemblies (285ms)
				LogAssemblyErrors (0ms)
				InitializePlatformSupportModulesInManaged (6ms)
				SetLoadedEditorAssemblies (0ms)
				RefreshPlugins (0ms)
				BeforeProcessingInitializeOnLoad (44ms)
				ProcessInitializeOnLoadAttributes (220ms)
				ProcessInitializeOnLoadMethodAttributes (5ms)
				AfterProcessingInitializeOnLoad (8ms)
				EditorAssembliesLoaded (0ms)
			ExecutionOrderSort2 (0ms)
			AwakeInstancesAfterBackupRestoration (14ms)
Platform modules already initialized, skipping
Refreshing native plugins compatible for Editor in 0.38 ms, found 2 plugins.
Preloading 0 native plugins for Editor in 0.00 ms.
Unloading 1444 Unused Serialized files (Serialized files now loaded: 0)
System memory in use before: 71.7 MB.
System memory in use after: 71.8 MB.

Unloading 11 unused Assets to reduce memory usage. Loaded Objects now: 1922.
Total: 3.692900 ms (FindLiveObjects: 0.164500 ms CreateObjectMapping: 0.147000 ms MarkObjects: 3.351400 ms  DeleteObjects: 0.029400 ms)

AssetImportParameters requested are different than current active one (requested -> active):
  custom:framework-win-MediaFoundation: 216162199b28c13a410421893ffa2e32 -> 
  custom:video-decoder-ogg-theora: a1e56fd34408186e4bbccfd4996cb3dc -> 
  custom:container-muxer-webm: aa71ff27fc2769a1b78a27578f13a17b -> 
  custom:container-demuxer-webm: 4f35f7cbe854078d1ac9338744f61a02 -> 
  custom:container-demuxer-ogg: 62fdf1f143b41e24485cea50d1cbac27 -> 
  custom:video-encoder-webm-vp8: eb34c28f22e8b96e1ab97ce403110664 -> 
  custom:video-decoder-webm-vp8: 9c59270c3fd7afecdb556c50c9e8de78 -> 
  custom:audio-decoder-ogg-vorbis: bf7c407c2cedff20999df2af8eb42d56 -> 
  custom:audio-encoder-webm-vorbis: bf7c407c2cedff20999df2af8eb42d56 -> 
========================================================================
Received Import Request.
  Time since last request: 10239.457667 seconds.
  path: Assets/Prefabs/Explosion.prefab
  artifactKey: Guid(a75bedce504149248824089a71d7d691) Importer(815301076,1909f56bfc062723c751e8b465ee728b)
Start importing Assets/Prefabs/Explosion.prefab using Guid(a75bedce504149248824089a71d7d691) Importer(815301076,1909f56bfc062723c751e8b465ee728b)  -> (artifact id: 'f93feb2dcac4af7a88e0a88b0e85dbc9') in 0.643349 seconds 
========================================================================
Received Import Request.
  Time since last request: 0.000340 seconds.
  path: Assets/Prefabs/UI.prefab
  artifactKey: Guid(26a3ee2744a5a9143b83e328fe6bbc30) Importer(815301076,1909f56bfc062723c751e8b465ee728b)
Start importing Assets/Prefabs/UI.prefab using Guid(26a3ee2744a5a9143b83e328fe6bbc30) Importer(815301076,1909f56bfc062723c751e8b465ee728b)  -> (artifact id: 'b0a606dd2def13355ed0a3e400d3bc96') in 0.080413 seconds 
========================================================================
Received Import Request.
  Time since last request: 0.000243 seconds.
  path: Assets/Prefabs/rock3.prefab
  artifactKey: Guid(a0072a10ff582a84d9a1dc2d46df1db0) Importer(815301076,1909f56bfc062723c751e8b465ee728b)
Start importing Assets/Prefabs/rock3.prefab using Guid(a0072a10ff582a84d9a1dc2d46df1db0) Importer(815301076,1909f56bfc062723c751e8b465ee728b)  -> (artifact id: 'cba73f2f081ec3aa9e820288181a5900') in 0.035438 seconds 
========================================================================
Received Import Request.
  Time since last request: 0.000249 seconds.
  path: Assets/Prefabs/rock1.prefab
  artifactKey: Guid(00078fcfc7ee1544a83a58cf0f50bb26) Importer(815301076,1909f56bfc062723c751e8b465ee728b)
Start importing Assets/Prefabs/rock1.prefab using Guid(00078fcfc7ee1544a83a58cf0f50bb26) Importer(815301076,1909f56bfc062723c751e8b465ee728b)  -> (artifact id: 'be59d15bee2502fdf25aeb1560d3ef46') in 0.064395 seconds 
========================================================================
Received Import Request.
  Time since last request: 0.000206 seconds.
  path: Assets/Prefabs/rock2.prefab
  artifactKey: Guid(9f85972300cdb254582a20b4f9af44b4) Importer(815301076,1909f56bfc062723c751e8b465ee728b)
Start importing Assets/Prefabs/rock2.prefab using Guid(9f85972300cdb254582a20b4f9af44b4) Importer(815301076,1909f56bfc062723c751e8b465ee728b)  -> (artifact id: '03073f61ea9a391878535a7c97f07002') in 0.028467 seconds 
========================================================================
Received Import Request.
  Time since last request: 0.000201 seconds.
  path: Assets/Prefabs/SF Slider.prefab
  artifactKey: Guid(b6a1cf4e3eeaf9a4ca38bf8acb910a6d) Importer(815301076,1909f56bfc062723c751e8b465ee728b)
Start importing Assets/Prefabs/SF Slider.prefab using Guid(b6a1cf4e3eeaf9a4ca38bf8acb910a6d) Importer(815301076,1909f56bfc062723c751e8b465ee728b)  -> (artifact id: '0c5446ca1d9e75b8bc1579b6fc37ef93') in 0.009366 seconds 
========================================================================
Received Import Request.
  Time since last request: 0.000224 seconds.
  path: Assets/Prefabs/SF Button.prefab
  artifactKey: Guid(05a81c3d5091440058129444d28322f3) Importer(815301076,1909f56bfc062723c751e8b465ee728b)
Start importing Assets/Prefabs/SF Button.prefab using Guid(05a81c3d5091440058129444d28322f3) Importer(815301076,1909f56bfc062723c751e8b465ee728b)  -> (artifact id: 'b33cf04791496dc66649912b758b4dce') in 0.005161 seconds 
========================================================================
Received Import Request.
  Time since last request: 0.000308 seconds.
  path: Assets/Prefabs/rock-landing.prefab
  artifactKey: Guid(ae2606dc8128eb446b88e34c40098814) Importer(815301076,1909f56bfc062723c751e8b465ee728b)
Start importing Assets/Prefabs/rock-landing.prefab using Guid(ae2606dc8128eb446b88e34c40098814) Importer(815301076,1909f56bfc062723c751e8b465ee728b)  -> (artifact id: '886c8456d5094a968469bfec18620409') in 0.008417 seconds 
========================================================================
Received Import Request.
  Time since last request: 0.000349 seconds.
  path: Assets/Prefabs/SF Title.prefab
  artifactKey: Guid(a93c012dd9ef6454fa7d140e976926f7) Importer(815301076,1909f56bfc062723c751e8b465ee728b)
Start importing Assets/Prefabs/SF Title.prefab using Guid(a93c012dd9ef6454fa7d140e976926f7) Importer(815301076,1909f56bfc062723c751e8b465ee728b)  -> (artifact id: '9ef6f126ea790f0e436deb8c9ef582b2') in 0.010613 seconds 
========================================================================
Received Import Request.
  Time since last request: 0.000098 seconds.
  path: Assets/Prefabs/Fuel.prefab
  artifactKey: Guid(b3b7cc14090621543b731fd0c5788550) Importer(815301076,1909f56bfc062723c751e8b465ee728b)
Start importing Assets/Prefabs/Fuel.prefab using Guid(b3b7cc14090621543b731fd0c5788550) Importer(815301076,1909f56bfc062723c751e8b465ee728b)  -> (artifact id: '9d9941fe5331652dd454f06840c48513') in 0.020659 seconds 
========================================================================
Received Import Request.
  Time since last request: 227.658333 seconds.
  path: Assets/Scripts/GameManager.cs
  artifactKey: Guid(3c29489dc3f1443469e01ed4400b1f72) Importer(815301076,1909f56bfc062723c751e8b465ee728b)
Start importing Assets/Scripts/GameManager.cs using Guid(3c29489dc3f1443469e01ed4400b1f72) Importer(815301076,1909f56bfc062723c751e8b465ee728b)  -> (artifact id: '1a64fb98a02f4e5b96d32c0d365c39c2') in 0.026679 seconds 
AssetImportWorkerClient::OnTransportError - code=2 error=End of file
